<?xml version="1.0" encoding="UTF-8"?>
<!-- Generated by org.testng.reporters.JUnitReportReporter -->
<testsuite hostname="mindc1d388" failures="0" tests="1" name="mindtree.compre.Test1" time="28.845" errors="0" timestamp="2022-05-19T18:12:59 IST" skipped="0">
  <testcase classname="mindtree.compre.Test1" name="test1" time="28.845"/>
  <system-out/>
</testsuite> <!-- mindtree.compre.Test1 -->
