<?xml version="1.0" encoding="UTF-8"?>
<!-- Generated by org.testng.reporters.JUnitReportReporter -->
<testsuite hostname="mindc1d388" failures="0" tests="1" name="mindtree.compre.Test2" time="18.069" errors="0" timestamp="2022-05-19T18:12:59 IST" skipped="0">
  <testcase classname="mindtree.compre.Test2" name="Test2" time="18.069"/>
  <system-out/>
</testsuite> <!-- mindtree.compre.Test2 -->
