<?xml version="1.0" encoding="UTF-8"?>
<!-- Generated by org.testng.reporters.JUnitReportReporter -->
<testsuite hostname="mindc1d388" failures="0" tests="1" name="mindtree.compre.Test3" time="9.240" errors="0" timestamp="2022-05-19T18:10:54 IST" skipped="0">
  <testcase classname="mindtree.compre.Test3" name="test3" time="9.240"/>
  <system-out/>
</testsuite> <!-- mindtree.compre.Test3 -->
